1:package i18_6;
2:
3:import java.io.*;
4:
5:/**
6: * @author 小光
7: * @date 2019/9/23 14:42
8: * className: BasicFileOutput
9: * description:
10: * ***************************************************************************
11: * Copyright(C),2018-2019,https://blog.xgblack.cn  .All rights reserved.
12: * ***************************************************************************
13: */
14:public class BasicFileOutput {
15:    static String file = "io/src/i18_6/BasicFileOutput.out";
16:    public static void main(String[] args) throws IOException {
17:        BufferedReader in = new BufferedReader(
18:                new StringReader(
19:                        BufferedInputFile.read("io/src/i18_6/BasicFileOutput.java")
20:                )
21:        );
22:
23:        PrintWriter out = new PrintWriter(
24:                new BufferedWriter(
25:                        new FileWriter(file)
26:                )
27:        );
28:        int lineCount = 1;
29:        String s;
30:        while ((s = in.readLine()) != null) {
31:            out.println(lineCount++ + ":" + s);
32:        }
33:        out.close();
34:
35:        System.out.println(BufferedInputFile.read(file));
36:    }
37:}
