31:  }
30:      }
29:          System.out.println(read("io/src/i18_6/BufferedInputFile.java"));
28:      public static void main(String[] args) throws IOException {
27:  
26:      }
25:          return sb.toString();
24:          in.close();
23:          }
22:              sb.append(s + "\n");
21:          while ((s = in.readLine()) != null) {
20:          StringBuilder sb = new StringBuilder();
19:          String s;
18:          BufferedReader in = new BufferedReader(new FileReader(filename));
17:      public static String read(String filename) throws IOException {
16:  public class BufferedInputFile {
15:   */
14:   * ***************************************************************************
13:   * Copyright(C),2018-2019,https://blog.xgblack.cn  .All rights reserved.
12:   * ***************************************************************************
11:   * description:
10:   * className: BufferedInputFile
9:   * @date 2019/9/22 22:14
8:   * @author 小光
7:  /**
6:  
5:  import java.io.IOException;
4:  import java.io.FileReader;
3:  import java.io.BufferedReader;
2:  
1:  package i18_6;
