1: package i18_6;
2: 
3: import java.io.*;
4: 
5: /**
6:  * @author 小光
7:  * @date 2019/9/23 16:14
8:  * className: Practice12
9:  * description:
10:  * ***************************************************************************
11:  * Copyright(C),2018-2019,https://blog.xgblack.cn  .All rights reserved.
12:  * ***************************************************************************
13:  */
14: public class Practice13 {
15:     static String file = "io/src/i18_6/Practice13.out";
16: 
17:     public static void main(String[] args) throws IOException {
18:         LineNumberReader lnr = new LineNumberReader(
19:                 new BufferedReader(
20:                         new StringReader(
21:                                 BufferedInputFile.read("io/src/i18_6/Practice13.java")
22:                         )
23:                 )
24:         );
25:         PrintWriter out = new PrintWriter(file);
26:         //int LineCount = 1;
27:         String s;
28:         while ((s = lnr.readLine()) != null) {
29:             out.println(lnr.getLineNumber() + ": " + s);
30:         }
31:         out.close();
32:         System.out.println(BufferedInputFile.read(file));
33:     }
34: }
